2025-10-24 09:59:00 [INFO] Run timer started
2025-10-24 09:59:29 [INFO] Progress reset
2025-10-24 09:59:29 [INFO] Run timer started
2025-10-24 09:59:29 [INFO] Phase started | phase=1
2025-10-24 09:59:29 [INFO] Phase finished | phase=1 duration=0.01s
2025-10-24 09:59:29 [INFO] Phase started | phase=S0
2025-10-24 09:59:29 [INFO] Attempt started | phase=S0 attempt=Computing demand grid=Computing demand
2025-10-24 09:59:29 [INFO] Grid updated | phase=S0 attempt=Computing demand grid=—
2025-10-24 09:59:29 [INFO] Attempt finished | phase=S0 attempt=Computing demand grid=— duration=0.01s reason=phase_change
2025-10-24 09:59:29 [INFO] Phase finished | phase=S0 duration=0.01s
2025-10-24 09:59:29 [INFO] Phase started | phase=C
2025-10-24 09:59:29 [INFO] Attempt started | phase=C attempt=10.0 × 10.0 ft grid=— budget=300.00s slice=1/1
2025-10-24 09:59:29 [INFO] Grid updated | phase=C attempt=10.0 × 10.0 ft grid=10.0 × 10.0 ft
2025-10-24 10:04:29 [INFO] Attempt finished | phase=C attempt=10.0 × 10.0 ft grid=10.0 × 10.0 ft duration=300.00s budget=300.00s slice=1/1 reason=phase_change
2025-10-24 10:04:29 [INFO] Phase finished | phase=C duration=300.01s
2025-10-24 10:04:29 [INFO] Phase started | phase=D
2025-10-24 10:04:29 [INFO] Attempt started | phase=D attempt=10.5 × 10.5 ft grid=10.0 × 10.0 ft budget=120.00s slice=1/15
2025-10-24 10:04:29 [INFO] Grid updated | phase=D attempt=10.5 × 10.5 ft grid=10.5 × 10.5 ft
2025-10-24 10:06:29 [INFO] Attempt finished | phase=D attempt=10.5 × 10.5 ft grid=10.5 × 10.5 ft duration=120.00s budget=120.00s slice=1/15 reason=switch
2025-10-24 10:06:29 [INFO] Attempt started | phase=D attempt=10.0 × 10.5 ft grid=10.5 × 10.5 ft budget=5.00s slice=2/15
2025-10-24 10:06:29 [INFO] Grid updated | phase=D attempt=10.0 × 10.5 ft grid=10.0 × 10.5 ft
2025-10-24 10:06:34 [INFO] Attempt finished | phase=D attempt=10.0 × 10.5 ft grid=10.0 × 10.5 ft duration=5.01s budget=5.00s slice=2/15 reason=switch
2025-10-24 10:06:34 [INFO] Attempt started | phase=D attempt=10.5 × 10.0 ft grid=10.0 × 10.5 ft budget=5.00s slice=3/15
2025-10-24 10:06:34 [INFO] Grid updated | phase=D attempt=10.5 × 10.0 ft grid=10.5 × 10.0 ft
2025-10-24 10:06:39 [INFO] Attempt finished | phase=D attempt=10.5 × 10.0 ft grid=10.5 × 10.0 ft duration=5.01s budget=5.00s slice=3/15 reason=switch
2025-10-24 10:06:39 [INFO] Attempt started | phase=D attempt=10.0 × 10.0 ft grid=10.5 × 10.0 ft budget=5.00s slice=4/15
2025-10-24 10:06:39 [INFO] Grid updated | phase=D attempt=10.0 × 10.0 ft grid=10.0 × 10.0 ft
2025-10-24 10:06:44 [INFO] Attempt finished | phase=D attempt=10.0 × 10.0 ft grid=10.0 × 10.0 ft duration=5.01s budget=5.00s slice=4/15 reason=switch
2025-10-24 10:06:44 [INFO] Attempt started | phase=D attempt=9.5 × 10.5 ft grid=10.0 × 10.0 ft budget=5.00s slice=5/15
2025-10-24 10:06:44 [INFO] Grid updated | phase=D attempt=9.5 × 10.5 ft grid=9.5 × 10.5 ft
2025-10-24 10:06:49 [INFO] Attempt finished | phase=D attempt=9.5 × 10.5 ft grid=9.5 × 10.5 ft duration=5.01s budget=5.00s slice=5/15 reason=switch
2025-10-24 10:06:49 [INFO] Attempt started | phase=D attempt=10.5 × 9.5 ft grid=9.5 × 10.5 ft budget=5.00s slice=6/15
2025-10-24 10:06:49 [INFO] Grid updated | phase=D attempt=10.5 × 9.5 ft grid=10.5 × 9.5 ft
2025-10-24 10:06:54 [INFO] Attempt finished | phase=D attempt=10.5 × 9.5 ft grid=10.5 × 9.5 ft duration=5.01s budget=5.00s slice=6/15 reason=switch
2025-10-24 10:06:54 [INFO] Attempt started | phase=D attempt=9.0 × 11.0 ft grid=10.5 × 9.5 ft budget=5.00s slice=7/15
2025-10-24 10:06:54 [INFO] Grid updated | phase=D attempt=9.0 × 11.0 ft grid=9.0 × 11.0 ft
2025-10-24 10:06:59 [INFO] Attempt finished | phase=D attempt=9.0 × 11.0 ft grid=9.0 × 11.0 ft duration=5.00s budget=5.00s slice=7/15 reason=switch
2025-10-24 10:06:59 [INFO] Attempt started | phase=D attempt=9.5 × 10.0 ft grid=9.0 × 11.0 ft budget=5.00s slice=8/15
2025-10-24 10:06:59 [INFO] Grid updated | phase=D attempt=9.5 × 10.0 ft grid=9.5 × 10.0 ft
2025-10-24 10:07:04 [INFO] Attempt finished | phase=D attempt=9.5 × 10.0 ft grid=9.5 × 10.0 ft duration=5.01s budget=5.00s slice=8/15 reason=switch
2025-10-24 10:07:04 [INFO] Attempt started | phase=D attempt=10.0 × 9.5 ft grid=9.5 × 10.0 ft budget=5.00s slice=9/15
2025-10-24 10:07:04 [INFO] Grid updated | phase=D attempt=10.0 × 9.5 ft grid=10.0 × 9.5 ft
2025-10-24 10:07:09 [INFO] Attempt finished | phase=D attempt=10.0 × 9.5 ft grid=10.0 × 9.5 ft duration=5.01s budget=5.00s slice=9/15 reason=switch
2025-10-24 10:07:09 [INFO] Attempt started | phase=D attempt=9.0 × 10.5 ft grid=10.0 × 9.5 ft budget=5.00s slice=10/15
2025-10-24 10:07:09 [INFO] Grid updated | phase=D attempt=9.0 × 10.5 ft grid=9.0 × 10.5 ft
2025-10-24 10:07:14 [INFO] Attempt finished | phase=D attempt=9.0 × 10.5 ft grid=9.0 × 10.5 ft duration=5.00s budget=5.00s slice=10/15 reason=switch
2025-10-24 10:07:14 [INFO] Attempt started | phase=D attempt=9.5 × 9.5 ft grid=9.0 × 10.5 ft budget=5.00s slice=11/15
2025-10-24 10:07:14 [INFO] Grid updated | phase=D attempt=9.5 × 9.5 ft grid=9.5 × 9.5 ft
2025-10-24 10:07:19 [INFO] Attempt finished | phase=D attempt=9.5 × 9.5 ft grid=9.5 × 9.5 ft duration=5.01s budget=5.00s slice=11/15 reason=switch
2025-10-24 10:07:19 [INFO] Attempt started | phase=D attempt=9.0 × 10.0 ft grid=9.5 × 9.5 ft budget=5.00s slice=12/15
2025-10-24 10:07:19 [INFO] Grid updated | phase=D attempt=9.0 × 10.0 ft grid=9.0 × 10.0 ft
2025-10-24 10:07:24 [INFO] Attempt finished | phase=D attempt=9.0 × 10.0 ft grid=9.0 × 10.0 ft duration=5.01s budget=5.00s slice=12/15 reason=switch
2025-10-24 10:07:24 [INFO] Attempt started | phase=D attempt=9.0 × 9.5 ft grid=9.0 × 10.0 ft budget=5.00s slice=13/15
2025-10-24 10:07:24 [INFO] Grid updated | phase=D attempt=9.0 × 9.5 ft grid=9.0 × 9.5 ft
2025-10-24 10:07:29 [INFO] Attempt finished | phase=D attempt=9.0 × 9.5 ft grid=9.0 × 9.5 ft duration=5.01s budget=5.00s slice=13/15 reason=switch
2025-10-24 10:07:29 [INFO] Attempt started | phase=D attempt=9.5 × 9.0 ft grid=9.0 × 9.5 ft budget=5.00s slice=14/15
2025-10-24 10:07:29 [INFO] Grid updated | phase=D attempt=9.5 × 9.0 ft grid=9.5 × 9.0 ft
2025-10-24 10:07:34 [INFO] Attempt finished | phase=D attempt=9.5 × 9.0 ft grid=9.5 × 9.0 ft duration=5.01s budget=5.00s slice=14/15 reason=switch
2025-10-24 10:07:34 [INFO] Attempt started | phase=D attempt=9.0 × 9.0 ft grid=9.5 × 9.0 ft budget=5.00s slice=15/15
2025-10-24 10:07:34 [INFO] Grid updated | phase=D attempt=9.0 × 9.0 ft grid=9.0 × 9.0 ft
2025-10-24 10:07:39 [INFO] Attempt finished | phase=D attempt=9.0 × 9.0 ft grid=9.0 × 9.0 ft duration=5.01s budget=5.00s slice=15/15 reason=phase_change
2025-10-24 10:07:39 [INFO] Phase finished | phase=D duration=190.10s
2025-10-24 10:07:39 [INFO] Phase started | phase=E
2025-10-24 10:07:39 [INFO] Attempt started | phase=E attempt=10.5 × 10.5 ft grid=9.0 × 9.0 ft budget=75.00s slice=1/12
2025-10-24 10:07:39 [INFO] Grid updated | phase=E attempt=10.5 × 10.5 ft grid=10.5 × 10.5 ft
2025-10-24 10:07:40 [INFO] Attempt finished | phase=E attempt=10.5 × 10.5 ft grid=10.5 × 10.5 ft duration=0.98s budget=75.00s slice=1/12 reason=switch
2025-10-24 10:07:40 [INFO] Attempt started | phase=E attempt=11.0 × 11.0 ft grid=10.5 × 10.5 ft budget=5.00s slice=2/12
2025-10-24 10:07:40 [INFO] Grid updated | phase=E attempt=11.0 × 11.0 ft grid=11.0 × 11.0 ft
2025-10-24 10:07:41 [INFO] Attempt finished | phase=E attempt=11.0 × 11.0 ft grid=11.0 × 11.0 ft duration=0.68s budget=5.00s slice=2/12 reason=switch
2025-10-24 10:07:41 [INFO] Attempt started | phase=E attempt=11.5 × 11.5 ft grid=11.0 × 11.0 ft budget=5.00s slice=3/12
2025-10-24 10:07:41 [INFO] Grid updated | phase=E attempt=11.5 × 11.5 ft grid=11.5 × 11.5 ft
2025-10-24 10:07:42 [INFO] Attempt finished | phase=E attempt=11.5 × 11.5 ft grid=11.5 × 11.5 ft duration=0.78s budget=5.00s slice=3/12 reason=switch
2025-10-24 10:07:42 [INFO] Attempt started | phase=E attempt=12.0 × 12.0 ft grid=11.5 × 11.5 ft budget=5.00s slice=4/12
2025-10-24 10:07:42 [INFO] Grid updated | phase=E attempt=12.0 × 12.0 ft grid=12.0 × 12.0 ft
2025-10-24 10:07:43 [INFO] Attempt finished | phase=E attempt=12.0 × 12.0 ft grid=12.0 × 12.0 ft duration=0.98s budget=5.00s slice=4/12 reason=switch
2025-10-24 10:07:43 [INFO] Attempt started | phase=E attempt=12.5 × 12.5 ft grid=12.0 × 12.0 ft budget=5.00s slice=5/12
2025-10-24 10:07:43 [INFO] Grid updated | phase=E attempt=12.5 × 12.5 ft grid=12.5 × 12.5 ft
2025-10-24 10:07:44 [INFO] Attempt finished | phase=E attempt=12.5 × 12.5 ft grid=12.5 × 12.5 ft duration=1.05s budget=5.00s slice=5/12 reason=switch
2025-10-24 10:07:44 [INFO] Attempt started | phase=E attempt=13.0 × 13.0 ft grid=12.5 × 12.5 ft budget=5.00s slice=6/12
2025-10-24 10:07:44 [INFO] Grid updated | phase=E attempt=13.0 × 13.0 ft grid=13.0 × 13.0 ft
2025-10-24 10:07:45 [INFO] Attempt finished | phase=E attempt=13.0 × 13.0 ft grid=13.0 × 13.0 ft duration=1.11s budget=5.00s slice=6/12 reason=switch
2025-10-24 10:07:45 [INFO] Attempt started | phase=E attempt=13.5 × 13.5 ft grid=13.0 × 13.0 ft budget=5.00s slice=7/12
2025-10-24 10:07:45 [INFO] Grid updated | phase=E attempt=13.5 × 13.5 ft grid=13.5 × 13.5 ft
2025-10-24 10:07:46 [INFO] Attempt finished | phase=E attempt=13.5 × 13.5 ft grid=13.5 × 13.5 ft duration=0.64s budget=5.00s slice=7/12 reason=switch
2025-10-24 10:07:46 [INFO] Attempt started | phase=E attempt=14.0 × 14.0 ft grid=13.5 × 13.5 ft budget=5.00s slice=8/12
2025-10-24 10:07:46 [INFO] Grid updated | phase=E attempt=14.0 × 14.0 ft grid=14.0 × 14.0 ft
2025-10-24 10:07:47 [INFO] Attempt finished | phase=E attempt=14.0 × 14.0 ft grid=14.0 × 14.0 ft duration=1.02s budget=5.00s slice=8/12 reason=switch
2025-10-24 10:07:47 [INFO] Attempt started | phase=E attempt=14.5 × 14.5 ft grid=14.0 × 14.0 ft budget=5.00s slice=9/12
2025-10-24 10:07:47 [INFO] Grid updated | phase=E attempt=14.5 × 14.5 ft grid=14.5 × 14.5 ft
2025-10-24 10:07:47 [INFO] Attempt finished | phase=E attempt=14.5 × 14.5 ft grid=14.5 × 14.5 ft duration=0.90s budget=5.00s slice=9/12 reason=switch
2025-10-24 10:07:47 [INFO] Attempt started | phase=E attempt=15.0 × 15.0 ft grid=14.5 × 14.5 ft budget=5.00s slice=10/12
2025-10-24 10:07:47 [INFO] Grid updated | phase=E attempt=15.0 × 15.0 ft grid=15.0 × 15.0 ft
2025-10-24 10:07:48 [INFO] Attempt finished | phase=E attempt=15.0 × 15.0 ft grid=15.0 × 15.0 ft duration=0.87s budget=5.00s slice=10/12 reason=switch
2025-10-24 10:07:48 [INFO] Attempt started | phase=E attempt=15.5 × 15.5 ft grid=15.0 × 15.0 ft budget=5.00s slice=11/12
2025-10-24 10:07:48 [INFO] Grid updated | phase=E attempt=15.5 × 15.5 ft grid=15.5 × 15.5 ft
2025-10-24 10:07:49 [INFO] Attempt finished | phase=E attempt=15.5 × 15.5 ft grid=15.5 × 15.5 ft duration=0.82s budget=5.00s slice=11/12 reason=switch
2025-10-24 10:07:49 [INFO] Attempt started | phase=E attempt=16.0 × 16.0 ft grid=15.5 × 15.5 ft budget=5.00s slice=12/12
2025-10-24 10:07:49 [INFO] Grid updated | phase=E attempt=16.0 × 16.0 ft grid=16.0 × 16.0 ft
2025-10-24 10:07:50 [INFO] Attempt finished | phase=E attempt=16.0 × 16.0 ft grid=16.0 × 16.0 ft duration=0.97s budget=5.00s slice=12/12 reason=phase_change
2025-10-24 10:07:50 [INFO] Phase finished | phase=E duration=10.80s
2025-10-24 10:07:50 [INFO] Phase started | phase=F
2025-10-24 10:07:50 [INFO] Attempt started | phase=F attempt=10.5 × 10.5 ft grid=16.0 × 16.0 ft budget=75.00s slice=1/12
2025-10-24 10:07:50 [INFO] Grid updated | phase=F attempt=10.5 × 10.5 ft grid=10.5 × 10.5 ft
2025-10-24 10:07:51 [INFO] Attempt finished | phase=F attempt=10.5 × 10.5 ft grid=10.5 × 10.5 ft duration=0.69s budget=75.00s slice=1/12 reason=switch
2025-10-24 10:07:51 [INFO] Attempt started | phase=F attempt=11.0 × 11.0 ft grid=10.5 × 10.5 ft budget=5.00s slice=2/12
2025-10-24 10:07:51 [INFO] Grid updated | phase=F attempt=11.0 × 11.0 ft grid=11.0 × 11.0 ft
2025-10-24 10:07:52 [INFO] Attempt finished | phase=F attempt=11.0 × 11.0 ft grid=11.0 × 11.0 ft duration=0.87s budget=5.00s slice=2/12 reason=switch
2025-10-24 10:07:52 [INFO] Attempt started | phase=F attempt=11.5 × 11.5 ft grid=11.0 × 11.0 ft budget=5.00s slice=3/12
2025-10-24 10:07:52 [INFO] Grid updated | phase=F attempt=11.5 × 11.5 ft grid=11.5 × 11.5 ft
2025-10-24 10:07:53 [INFO] Attempt finished | phase=F attempt=11.5 × 11.5 ft grid=11.5 × 11.5 ft duration=0.83s budget=5.00s slice=3/12 reason=switch
2025-10-24 10:07:53 [INFO] Attempt started | phase=F attempt=12.0 × 12.0 ft grid=11.5 × 11.5 ft budget=5.00s slice=4/12
2025-10-24 10:07:53 [INFO] Grid updated | phase=F attempt=12.0 × 12.0 ft grid=12.0 × 12.0 ft
2025-10-24 10:07:53 [INFO] Attempt finished | phase=F attempt=12.0 × 12.0 ft grid=12.0 × 12.0 ft duration=0.87s budget=5.00s slice=4/12 reason=switch
2025-10-24 10:07:53 [INFO] Attempt started | phase=F attempt=12.5 × 12.5 ft grid=12.0 × 12.0 ft budget=5.00s slice=5/12
2025-10-24 10:07:53 [INFO] Grid updated | phase=F attempt=12.5 × 12.5 ft grid=12.5 × 12.5 ft
2025-10-24 10:07:54 [INFO] Attempt finished | phase=F attempt=12.5 × 12.5 ft grid=12.5 × 12.5 ft duration=0.87s budget=5.00s slice=5/12 reason=switch
2025-10-24 10:07:54 [INFO] Attempt started | phase=F attempt=13.0 × 13.0 ft grid=12.5 × 12.5 ft budget=5.00s slice=6/12
2025-10-24 10:07:54 [INFO] Grid updated | phase=F attempt=13.0 × 13.0 ft grid=13.0 × 13.0 ft
2025-10-24 10:07:55 [INFO] Attempt finished | phase=F attempt=13.0 × 13.0 ft grid=13.0 × 13.0 ft duration=0.80s budget=5.00s slice=6/12 reason=switch
2025-10-24 10:07:55 [INFO] Attempt started | phase=F attempt=13.5 × 13.5 ft grid=13.0 × 13.0 ft budget=5.00s slice=7/12
2025-10-24 10:07:55 [INFO] Grid updated | phase=F attempt=13.5 × 13.5 ft grid=13.5 × 13.5 ft
2025-10-24 10:07:56 [INFO] Attempt finished | phase=F attempt=13.5 × 13.5 ft grid=13.5 × 13.5 ft duration=0.92s budget=5.00s slice=7/12 reason=switch
2025-10-24 10:07:56 [INFO] Attempt started | phase=F attempt=14.0 × 14.0 ft grid=13.5 × 13.5 ft budget=5.00s slice=8/12
2025-10-24 10:07:56 [INFO] Grid updated | phase=F attempt=14.0 × 14.0 ft grid=14.0 × 14.0 ft
2025-10-24 10:07:57 [INFO] Attempt finished | phase=F attempt=14.0 × 14.0 ft grid=14.0 × 14.0 ft duration=0.78s budget=5.00s slice=8/12 reason=switch
2025-10-24 10:07:57 [INFO] Attempt started | phase=F attempt=14.5 × 14.5 ft grid=14.0 × 14.0 ft budget=5.00s slice=9/12
2025-10-24 10:07:57 [INFO] Grid updated | phase=F attempt=14.5 × 14.5 ft grid=14.5 × 14.5 ft
2025-10-24 10:07:58 [INFO] Attempt finished | phase=F attempt=14.5 × 14.5 ft grid=14.5 × 14.5 ft duration=0.93s budget=5.00s slice=9/12 reason=switch
2025-10-24 10:07:58 [INFO] Attempt started | phase=F attempt=15.0 × 15.0 ft grid=14.5 × 14.5 ft budget=5.00s slice=10/12
2025-10-24 10:07:58 [INFO] Grid updated | phase=F attempt=15.0 × 15.0 ft grid=15.0 × 15.0 ft
2025-10-24 10:07:59 [INFO] Attempt finished | phase=F attempt=15.0 × 15.0 ft grid=15.0 × 15.0 ft duration=0.96s budget=5.00s slice=10/12 reason=switch
2025-10-24 10:07:59 [INFO] Attempt started | phase=F attempt=15.5 × 15.5 ft grid=15.0 × 15.0 ft budget=5.00s slice=11/12
2025-10-24 10:07:59 [INFO] Grid updated | phase=F attempt=15.5 × 15.5 ft grid=15.5 × 15.5 ft
2025-10-24 10:08:00 [INFO] Attempt finished | phase=F attempt=15.5 × 15.5 ft grid=15.5 × 15.5 ft duration=1.18s budget=5.00s slice=11/12 reason=switch
2025-10-24 10:08:00 [INFO] Attempt started | phase=F attempt=16.0 × 16.0 ft grid=15.5 × 15.5 ft budget=5.00s slice=12/12
2025-10-24 10:08:00 [INFO] Grid updated | phase=F attempt=16.0 × 16.0 ft grid=16.0 × 16.0 ft
2025-10-24 10:08:01 [INFO] Attempt finished | phase=F attempt=16.0 × 16.0 ft grid=16.0 × 16.0 ft duration=0.91s budget=5.00s slice=12/12 reason=run_complete
2025-10-24 10:08:01 [INFO] Run finished | status=Solved ok=True duration=511.54s best_used=0 coverage=0.00% message=error
